0 info it worked if it ends with ok
1 verbose cli [ '/Users/vkommaraju/git/STS/Spring-React-Starter/target/node/node',
1 verbose cli   '/Users/vkommaraju/git/STS/Spring-React-Starter/target/node/node_modules/npm/bin/npm-cli.js',
1 verbose cli   'install' ]
2 info using npm@3.9.2
3 info using node@v4.4.5
4 silly loadCurrentTree Starting
5 silly install loadCurrentTree
6 silly install readLocalPackageData
7 silly install normalizeTree
8 silly loadCurrentTree Finishing
9 silly loadIdealTree Starting
10 silly install loadIdealTree
11 silly cloneCurrentTree Starting
12 silly install cloneCurrentTreeToIdealTree
13 silly cloneCurrentTree Finishing
14 silly loadShrinkwrap Starting
15 silly install loadShrinkwrap
16 silly loadShrinkwrap Finishing
17 silly loadAllDepsIntoIdealTree Starting
18 silly install loadAllDepsIntoIdealTree
19 silly loadAllDepsIntoIdealTree Finishing
20 silly idealTree:prePrune Spring-React-Starter
20 silly idealTree:prePrune +-- acorn@3.3.0
20 silly idealTree:prePrune +-- align-text@0.1.4
20 silly idealTree:prePrune +-- amdefine@1.0.1
20 silly idealTree:prePrune +-- ansi-regex@2.1.1
20 silly idealTree:prePrune +-- ansi-styles@2.2.1
20 silly idealTree:prePrune +-- anymatch@1.3.2
20 silly idealTree:prePrune +-- arr-diff@2.0.0
20 silly idealTree:prePrune +-- arr-flatten@1.1.0
20 silly idealTree:prePrune +-- array-unique@0.2.1
20 silly idealTree:prePrune +-- asap@2.0.6
20 silly idealTree:prePrune +-- assert@1.4.1
20 silly idealTree:prePrune +-- async-each@1.0.1
20 silly idealTree:prePrune +-- async@1.5.2
20 silly idealTree:prePrune +-- babel-code-frame@6.26.0
20 silly idealTree:prePrune +-- babel-core@6.26.0
20 silly idealTree:prePrune +-- babel-generator@6.26.0
20 silly idealTree:prePrune +-- babel-helper-builder-react-jsx@6.26.0
20 silly idealTree:prePrune +-- babel-helper-call-delegate@6.24.1
20 silly idealTree:prePrune +-- babel-helper-define-map@6.26.0
20 silly idealTree:prePrune +-- babel-helper-function-name@6.24.1
20 silly idealTree:prePrune +-- babel-helper-get-function-arity@6.24.1
20 silly idealTree:prePrune +-- babel-helper-hoist-variables@6.24.1
20 silly idealTree:prePrune +-- babel-helper-optimise-call-expression@6.24.1
20 silly idealTree:prePrune +-- babel-helper-regex@6.26.0
20 silly idealTree:prePrune +-- babel-helper-replace-supers@6.24.1
20 silly idealTree:prePrune +-- babel-helpers@6.24.1
20 silly idealTree:prePrune +-- babel-loader@6.4.1
20 silly idealTree:prePrune +-- babel-messages@6.23.0
20 silly idealTree:prePrune +-- babel-plugin-check-es2015-constants@6.22.0
20 silly idealTree:prePrune +-- babel-plugin-syntax-flow@6.18.0
20 silly idealTree:prePrune +-- babel-plugin-syntax-jsx@6.18.0
20 silly idealTree:prePrune +-- babel-plugin-transform-es2015-arrow-functions@6.22.0
20 silly idealTree:prePrune +-- babel-plugin-transform-es2015-block-scoped-functions@6.22.0
20 silly idealTree:prePrune +-- babel-plugin-transform-es2015-block-scoping@6.26.0
20 silly idealTree:prePrune +-- babel-plugin-transform-es2015-classes@6.24.1
20 silly idealTree:prePrune +-- babel-plugin-transform-es2015-computed-properties@6.24.1
20 silly idealTree:prePrune +-- babel-plugin-transform-es2015-destructuring@6.23.0
20 silly idealTree:prePrune +-- babel-plugin-transform-es2015-duplicate-keys@6.24.1
20 silly idealTree:prePrune +-- babel-plugin-transform-es2015-for-of@6.23.0
20 silly idealTree:prePrune +-- babel-plugin-transform-es2015-function-name@6.24.1
20 silly idealTree:prePrune +-- babel-plugin-transform-es2015-literals@6.22.0
20 silly idealTree:prePrune +-- babel-plugin-transform-es2015-modules-amd@6.24.1
20 silly idealTree:prePrune +-- babel-plugin-transform-es2015-modules-commonjs@6.26.0
20 silly idealTree:prePrune +-- babel-plugin-transform-es2015-modules-systemjs@6.24.1
20 silly idealTree:prePrune +-- babel-plugin-transform-es2015-modules-umd@6.24.1
20 silly idealTree:prePrune +-- babel-plugin-transform-es2015-object-super@6.24.1
20 silly idealTree:prePrune +-- babel-plugin-transform-es2015-parameters@6.24.1
20 silly idealTree:prePrune +-- babel-plugin-transform-es2015-shorthand-properties@6.24.1
20 silly idealTree:prePrune +-- babel-plugin-transform-es2015-spread@6.22.0
20 silly idealTree:prePrune +-- babel-plugin-transform-es2015-sticky-regex@6.24.1
20 silly idealTree:prePrune +-- babel-plugin-transform-es2015-template-literals@6.22.0
20 silly idealTree:prePrune +-- babel-plugin-transform-es2015-typeof-symbol@6.23.0
20 silly idealTree:prePrune +-- babel-plugin-transform-es2015-unicode-regex@6.24.1
20 silly idealTree:prePrune +-- babel-plugin-transform-flow-strip-types@6.22.0
20 silly idealTree:prePrune +-- babel-plugin-transform-react-display-name@6.25.0
20 silly idealTree:prePrune +-- babel-plugin-transform-react-jsx-self@6.22.0
20 silly idealTree:prePrune +-- babel-plugin-transform-react-jsx-source@6.22.0
20 silly idealTree:prePrune +-- babel-plugin-transform-react-jsx@6.24.1
20 silly idealTree:prePrune +-- babel-plugin-transform-regenerator@6.26.0
20 silly idealTree:prePrune +-- babel-plugin-transform-strict-mode@6.24.1
20 silly idealTree:prePrune +-- babel-polyfill@6.26.0
20 silly idealTree:prePrune | `-- regenerator-runtime@0.10.5
20 silly idealTree:prePrune +-- babel-preset-es2015@6.24.1
20 silly idealTree:prePrune +-- babel-preset-flow@6.23.0
20 silly idealTree:prePrune +-- babel-preset-react@6.24.1
20 silly idealTree:prePrune +-- babel-register@6.26.0
20 silly idealTree:prePrune +-- babel-runtime@6.26.0
20 silly idealTree:prePrune +-- babel-template@6.26.0
20 silly idealTree:prePrune +-- babel-traverse@6.26.0
20 silly idealTree:prePrune +-- babel-types@6.26.0
20 silly idealTree:prePrune +-- babylon@6.18.0
20 silly idealTree:prePrune +-- balanced-match@1.0.0
20 silly idealTree:prePrune +-- base64-js@1.2.1
20 silly idealTree:prePrune +-- big.js@3.1.3
20 silly idealTree:prePrune +-- binary-extensions@1.10.0
20 silly idealTree:prePrune +-- brace-expansion@1.1.8
20 silly idealTree:prePrune +-- braces@1.8.5
20 silly idealTree:prePrune +-- browserify-aes@0.4.0
20 silly idealTree:prePrune +-- browserify-zlib@0.1.4
20 silly idealTree:prePrune +-- buffer@4.9.1
20 silly idealTree:prePrune +-- builtin-status-codes@3.0.0
20 silly idealTree:prePrune +-- camelcase@1.2.1
20 silly idealTree:prePrune +-- center-align@0.1.3
20 silly idealTree:prePrune +-- chalk@1.1.3
20 silly idealTree:prePrune +-- chokidar@1.7.0
20 silly idealTree:prePrune +-- cliui@2.1.0
20 silly idealTree:prePrune | `-- wordwrap@0.0.2
20 silly idealTree:prePrune +-- clone@1.0.2
20 silly idealTree:prePrune +-- commondir@1.0.1
20 silly idealTree:prePrune +-- concat-map@0.0.1
20 silly idealTree:prePrune +-- console-browserify@1.1.0
20 silly idealTree:prePrune +-- constants-browserify@1.0.0
20 silly idealTree:prePrune +-- convert-source-map@1.5.0
20 silly idealTree:prePrune +-- core-js@2.5.0
20 silly idealTree:prePrune +-- core-util-is@1.0.2
20 silly idealTree:prePrune +-- create-react-class@15.6.0
20 silly idealTree:prePrune +-- crypto-browserify@3.3.0
20 silly idealTree:prePrune +-- d@1.0.0
20 silly idealTree:prePrune +-- date-now@0.1.4
20 silly idealTree:prePrune +-- debug@2.6.8
20 silly idealTree:prePrune +-- decamelize@1.2.0
20 silly idealTree:prePrune +-- detect-indent@4.0.0
20 silly idealTree:prePrune +-- domain-browser@1.1.7
20 silly idealTree:prePrune +-- emojis-list@2.1.0
20 silly idealTree:prePrune +-- encoding@0.1.12
20 silly idealTree:prePrune +-- enhanced-resolve@0.9.1
20 silly idealTree:prePrune | `-- memory-fs@0.2.0
20 silly idealTree:prePrune +-- errno@0.1.4
20 silly idealTree:prePrune +-- es5-ext@0.10.29
20 silly idealTree:prePrune +-- es6-iterator@2.0.1
20 silly idealTree:prePrune +-- es6-symbol@3.1.1
20 silly idealTree:prePrune +-- escape-string-regexp@1.0.5
20 silly idealTree:prePrune +-- esutils@2.0.2
20 silly idealTree:prePrune +-- events@1.1.1
20 silly idealTree:prePrune +-- expand-brackets@0.1.5
20 silly idealTree:prePrune +-- expand-range@1.8.2
20 silly idealTree:prePrune +-- extglob@0.3.2
20 silly idealTree:prePrune +-- fbjs@0.8.14
20 silly idealTree:prePrune | `-- core-js@1.2.7
20 silly idealTree:prePrune +-- filename-regex@2.0.1
20 silly idealTree:prePrune +-- fill-range@2.2.3
20 silly idealTree:prePrune +-- find-cache-dir@0.1.1
20 silly idealTree:prePrune +-- find-up@1.1.2
20 silly idealTree:prePrune +-- for-in@1.0.2
20 silly idealTree:prePrune +-- for-own@0.1.5
20 silly idealTree:prePrune +-- fsevents@1.1.2
20 silly idealTree:prePrune | +-- abbrev@1.1.0
20 silly idealTree:prePrune | +-- ajv@4.11.8
20 silly idealTree:prePrune | +-- ansi-regex@2.1.1
20 silly idealTree:prePrune | +-- aproba@1.1.1
20 silly idealTree:prePrune | +-- are-we-there-yet@1.1.4
20 silly idealTree:prePrune | +-- asn1@0.2.3
20 silly idealTree:prePrune | +-- assert-plus@0.2.0
20 silly idealTree:prePrune | +-- asynckit@0.4.0
20 silly idealTree:prePrune | +-- aws-sign2@0.6.0
20 silly idealTree:prePrune | +-- aws4@1.6.0
20 silly idealTree:prePrune | +-- balanced-match@0.4.2
20 silly idealTree:prePrune | +-- bcrypt-pbkdf@1.0.1
20 silly idealTree:prePrune | +-- block-stream@0.0.9
20 silly idealTree:prePrune | +-- boom@2.10.1
20 silly idealTree:prePrune | +-- brace-expansion@1.1.7
20 silly idealTree:prePrune | +-- buffer-shims@1.0.0
20 silly idealTree:prePrune | +-- caseless@0.12.0
20 silly idealTree:prePrune | +-- co@4.6.0
20 silly idealTree:prePrune | +-- code-point-at@1.1.0
20 silly idealTree:prePrune | +-- combined-stream@1.0.5
20 silly idealTree:prePrune | +-- concat-map@0.0.1
20 silly idealTree:prePrune | +-- console-control-strings@1.1.0
20 silly idealTree:prePrune | +-- core-util-is@1.0.2
20 silly idealTree:prePrune | +-- cryptiles@2.0.5
20 silly idealTree:prePrune | +-- dashdash@1.14.1
20 silly idealTree:prePrune | | `-- assert-plus@1.0.0
20 silly idealTree:prePrune | +-- debug@2.6.8
20 silly idealTree:prePrune | +-- deep-extend@0.4.2
20 silly idealTree:prePrune | +-- delayed-stream@1.0.0
20 silly idealTree:prePrune | +-- delegates@1.0.0
20 silly idealTree:prePrune | +-- ecc-jsbn@0.1.1
20 silly idealTree:prePrune | +-- extend@3.0.1
20 silly idealTree:prePrune | +-- extsprintf@1.0.2
20 silly idealTree:prePrune | +-- forever-agent@0.6.1
20 silly idealTree:prePrune | +-- form-data@2.1.4
20 silly idealTree:prePrune | +-- fs.realpath@1.0.0
20 silly idealTree:prePrune | +-- fstream-ignore@1.0.5
20 silly idealTree:prePrune | +-- fstream@1.0.11
20 silly idealTree:prePrune | +-- gauge@2.7.4
20 silly idealTree:prePrune | +-- getpass@0.1.7
20 silly idealTree:prePrune | | `-- assert-plus@1.0.0
20 silly idealTree:prePrune | +-- glob@7.1.2
20 silly idealTree:prePrune | +-- graceful-fs@4.1.11
20 silly idealTree:prePrune | +-- har-schema@1.0.5
20 silly idealTree:prePrune | +-- har-validator@4.2.1
20 silly idealTree:prePrune | +-- has-unicode@2.0.1
20 silly idealTree:prePrune | +-- hawk@3.1.3
20 silly idealTree:prePrune | +-- hoek@2.16.3
20 silly idealTree:prePrune | +-- http-signature@1.1.1
20 silly idealTree:prePrune | +-- inflight@1.0.6
20 silly idealTree:prePrune | +-- inherits@2.0.3
20 silly idealTree:prePrune | +-- ini@1.3.4
20 silly idealTree:prePrune | +-- is-fullwidth-code-point@1.0.0
20 silly idealTree:prePrune | +-- is-typedarray@1.0.0
20 silly idealTree:prePrune | +-- isarray@1.0.0
20 silly idealTree:prePrune | +-- isstream@0.1.2
20 silly idealTree:prePrune | +-- jodid25519@1.0.2
20 silly idealTree:prePrune | +-- jsbn@0.1.1
20 silly idealTree:prePrune | +-- json-schema@0.2.3
20 silly idealTree:prePrune | +-- json-stable-stringify@1.0.1
20 silly idealTree:prePrune | +-- json-stringify-safe@5.0.1
20 silly idealTree:prePrune | +-- jsonify@0.0.0
20 silly idealTree:prePrune | +-- jsprim@1.4.0
20 silly idealTree:prePrune | | `-- assert-plus@1.0.0
20 silly idealTree:prePrune | +-- mime-db@1.27.0
20 silly idealTree:prePrune | +-- mime-types@2.1.15
20 silly idealTree:prePrune | +-- minimatch@3.0.4
20 silly idealTree:prePrune | +-- minimist@0.0.8
20 silly idealTree:prePrune | +-- mkdirp@0.5.1
20 silly idealTree:prePrune | +-- ms@2.0.0
20 silly idealTree:prePrune | +-- node-pre-gyp@0.6.36
20 silly idealTree:prePrune | +-- nopt@4.0.1
20 silly idealTree:prePrune | +-- npmlog@4.1.0
20 silly idealTree:prePrune | +-- number-is-nan@1.0.1
20 silly idealTree:prePrune | +-- oauth-sign@0.8.2
20 silly idealTree:prePrune | +-- object-assign@4.1.1
20 silly idealTree:prePrune | +-- once@1.4.0
20 silly idealTree:prePrune | +-- os-homedir@1.0.2
20 silly idealTree:prePrune | +-- os-tmpdir@1.0.2
20 silly idealTree:prePrune | +-- osenv@0.1.4
20 silly idealTree:prePrune | +-- path-is-absolute@1.0.1
20 silly idealTree:prePrune | +-- performance-now@0.2.0
20 silly idealTree:prePrune | +-- process-nextick-args@1.0.7
20 silly idealTree:prePrune | +-- punycode@1.4.1
20 silly idealTree:prePrune | +-- qs@6.4.0
20 silly idealTree:prePrune | +-- rc@1.2.1
20 silly idealTree:prePrune | | `-- minimist@1.2.0
20 silly idealTree:prePrune | +-- readable-stream@2.2.9
20 silly idealTree:prePrune | +-- request@2.81.0
20 silly idealTree:prePrune | +-- rimraf@2.6.1
20 silly idealTree:prePrune | +-- safe-buffer@5.0.1
20 silly idealTree:prePrune | +-- semver@5.3.0
20 silly idealTree:prePrune | +-- set-blocking@2.0.0
20 silly idealTree:prePrune | +-- signal-exit@3.0.2
20 silly idealTree:prePrune | +-- sntp@1.0.9
20 silly idealTree:prePrune | +-- sshpk@1.13.0
20 silly idealTree:prePrune | | `-- assert-plus@1.0.0
20 silly idealTree:prePrune | +-- string_decoder@1.0.1
20 silly idealTree:prePrune | +-- string-width@1.0.2
20 silly idealTree:prePrune | +-- stringstream@0.0.5
20 silly idealTree:prePrune | +-- strip-ansi@3.0.1
20 silly idealTree:prePrune | +-- strip-json-comments@2.0.1
20 silly idealTree:prePrune | +-- tar-pack@3.4.0
20 silly idealTree:prePrune | +-- tar@2.2.1
20 silly idealTree:prePrune | +-- tough-cookie@2.3.2
20 silly idealTree:prePrune | +-- tunnel-agent@0.6.0
20 silly idealTree:prePrune | +-- tweetnacl@0.14.5
20 silly idealTree:prePrune | +-- uid-number@0.0.6
20 silly idealTree:prePrune | +-- util-deprecate@1.0.2
20 silly idealTree:prePrune | +-- uuid@3.0.1
20 silly idealTree:prePrune | +-- verror@1.3.6
20 silly idealTree:prePrune | +-- wide-align@1.1.2
20 silly idealTree:prePrune | `-- wrappy@1.0.2
20 silly idealTree:prePrune +-- glob-base@0.3.0
20 silly idealTree:prePrune +-- glob-parent@2.0.0
20 silly idealTree:prePrune +-- globals@9.18.0
20 silly idealTree:prePrune +-- graceful-fs@4.1.11
20 silly idealTree:prePrune +-- has-ansi@2.0.0
20 silly idealTree:prePrune +-- has-flag@1.0.0
20 silly idealTree:prePrune +-- home-or-tmp@2.0.0
20 silly idealTree:prePrune +-- https-browserify@0.0.1
20 silly idealTree:prePrune +-- iconv-lite@0.4.18
20 silly idealTree:prePrune +-- ieee754@1.1.8
20 silly idealTree:prePrune +-- indexof@0.0.1
20 silly idealTree:prePrune +-- inherits@2.0.3
20 silly idealTree:prePrune +-- interpret@0.6.6
20 silly idealTree:prePrune +-- invariant@2.2.2
20 silly idealTree:prePrune +-- is-binary-path@1.0.1
20 silly idealTree:prePrune +-- is-buffer@1.1.5
20 silly idealTree:prePrune +-- is-dotfile@1.0.3
20 silly idealTree:prePrune +-- is-equal-shallow@0.1.3
20 silly idealTree:prePrune +-- is-extendable@0.1.1
20 silly idealTree:prePrune +-- is-extglob@1.0.0
20 silly idealTree:prePrune +-- is-finite@1.0.2
20 silly idealTree:prePrune +-- is-glob@2.0.1
20 silly idealTree:prePrune +-- is-number@2.1.0
20 silly idealTree:prePrune +-- is-posix-bracket@0.1.1
20 silly idealTree:prePrune +-- is-primitive@2.0.0
20 silly idealTree:prePrune +-- is-stream@1.1.0
20 silly idealTree:prePrune +-- isarray@1.0.0
20 silly idealTree:prePrune +-- isobject@2.1.0
20 silly idealTree:prePrune +-- isomorphic-fetch@2.2.1
20 silly idealTree:prePrune +-- js-tokens@3.0.2
20 silly idealTree:prePrune +-- jsesc@1.3.0
20 silly idealTree:prePrune +-- json5@0.5.1
20 silly idealTree:prePrune +-- kind-of@3.2.2
20 silly idealTree:prePrune +-- lazy-cache@1.0.4
20 silly idealTree:prePrune +-- loader-utils@0.2.17
20 silly idealTree:prePrune +-- lodash@4.17.4
20 silly idealTree:prePrune +-- longest@1.0.1
20 silly idealTree:prePrune +-- loose-envify@1.3.1
20 silly idealTree:prePrune +-- memory-fs@0.3.0
20 silly idealTree:prePrune +-- micromatch@2.3.11
20 silly idealTree:prePrune +-- minimatch@3.0.4
20 silly idealTree:prePrune +-- minimist@0.0.8
20 silly idealTree:prePrune +-- mkdirp@0.5.1
20 silly idealTree:prePrune +-- ms@2.0.0
20 silly idealTree:prePrune +-- nan@2.6.2
20 silly idealTree:prePrune +-- node-fetch@1.7.2
20 silly idealTree:prePrune +-- node-libs-browser@0.7.0
20 silly idealTree:prePrune | `-- string_decoder@0.10.31
20 silly idealTree:prePrune +-- normalize-path@2.1.1
20 silly idealTree:prePrune +-- number-is-nan@1.0.1
20 silly idealTree:prePrune +-- object-assign@4.1.1
20 silly idealTree:prePrune +-- object.omit@2.0.1
20 silly idealTree:prePrune +-- optimist@0.6.1
20 silly idealTree:prePrune +-- os-browserify@0.2.1
20 silly idealTree:prePrune +-- os-homedir@1.0.2
20 silly idealTree:prePrune +-- os-tmpdir@1.0.2
20 silly idealTree:prePrune +-- pako@0.2.9
20 silly idealTree:prePrune +-- parse-glob@3.0.4
20 silly idealTree:prePrune +-- path-browserify@0.0.0
20 silly idealTree:prePrune +-- path-exists@2.1.0
20 silly idealTree:prePrune +-- path-is-absolute@1.0.1
20 silly idealTree:prePrune +-- pbkdf2-compat@2.0.1
20 silly idealTree:prePrune +-- pinkie-promise@2.0.1
20 silly idealTree:prePrune +-- pinkie@2.0.4
20 silly idealTree:prePrune +-- pkg-dir@1.0.0
20 silly idealTree:prePrune +-- preserve@0.2.0
20 silly idealTree:prePrune +-- private@0.1.7
20 silly idealTree:prePrune +-- process-nextick-args@1.0.7
20 silly idealTree:prePrune +-- process@0.11.10
20 silly idealTree:prePrune +-- promise@7.3.1
20 silly idealTree:prePrune +-- prop-types@15.5.10
20 silly idealTree:prePrune +-- prr@0.0.0
20 silly idealTree:prePrune +-- punycode@1.4.1
20 silly idealTree:prePrune +-- querystring-es3@0.2.1
20 silly idealTree:prePrune +-- querystring@0.2.0
20 silly idealTree:prePrune +-- randomatic@1.1.7
20 silly idealTree:prePrune | +-- is-number@3.0.0
20 silly idealTree:prePrune | | `-- kind-of@3.2.2
20 silly idealTree:prePrune | `-- kind-of@4.0.0
20 silly idealTree:prePrune +-- react-dom@15.6.1
20 silly idealTree:prePrune +-- react@15.6.1
20 silly idealTree:prePrune +-- readable-stream@2.3.3
20 silly idealTree:prePrune +-- readdirp@2.1.0
20 silly idealTree:prePrune +-- regenerate@1.3.2
20 silly idealTree:prePrune +-- regenerator-runtime@0.11.0
20 silly idealTree:prePrune +-- regenerator-transform@0.10.1
20 silly idealTree:prePrune +-- regex-cache@0.4.3
20 silly idealTree:prePrune +-- regexpu-core@2.0.0
20 silly idealTree:prePrune +-- regjsgen@0.2.0
20 silly idealTree:prePrune +-- regjsparser@0.1.5
20 silly idealTree:prePrune | `-- jsesc@0.5.0
20 silly idealTree:prePrune +-- remove-trailing-separator@1.1.0
20 silly idealTree:prePrune +-- repeat-element@1.1.2
20 silly idealTree:prePrune +-- repeat-string@1.6.1
20 silly idealTree:prePrune +-- repeating@2.0.1
20 silly idealTree:prePrune +-- rest@1.3.2
20 silly idealTree:prePrune +-- right-align@0.1.3
20 silly idealTree:prePrune +-- ripemd160@0.2.0
20 silly idealTree:prePrune +-- safe-buffer@5.1.1
20 silly idealTree:prePrune +-- set-immediate-shim@1.0.1
20 silly idealTree:prePrune +-- setimmediate@1.0.5
20 silly idealTree:prePrune +-- sha.js@2.2.6
20 silly idealTree:prePrune +-- slash@1.0.0
20 silly idealTree:prePrune +-- source-list-map@0.1.8
20 silly idealTree:prePrune +-- source-map-support@0.4.16
20 silly idealTree:prePrune +-- source-map@0.5.7
20 silly idealTree:prePrune +-- stream-browserify@2.0.1
20 silly idealTree:prePrune +-- stream-http@2.7.2
20 silly idealTree:prePrune +-- string_decoder@1.0.3
20 silly idealTree:prePrune +-- strip-ansi@3.0.1
20 silly idealTree:prePrune +-- supports-color@2.0.0
20 silly idealTree:prePrune +-- tapable@0.1.10
20 silly idealTree:prePrune +-- timers-browserify@2.0.4
20 silly idealTree:prePrune +-- to-arraybuffer@1.0.1
20 silly idealTree:prePrune +-- to-fast-properties@1.0.3
20 silly idealTree:prePrune +-- trim-right@1.0.1
20 silly idealTree:prePrune +-- tty-browserify@0.0.0
20 silly idealTree:prePrune +-- ua-parser-js@0.7.14
20 silly idealTree:prePrune +-- uglify-js@2.7.5
20 silly idealTree:prePrune | `-- async@0.2.10
20 silly idealTree:prePrune +-- uglify-to-browserify@1.0.2
20 silly idealTree:prePrune +-- url@0.11.0
20 silly idealTree:prePrune | `-- punycode@1.3.2
20 silly idealTree:prePrune +-- util-deprecate@1.0.2
20 silly idealTree:prePrune +-- util@0.10.3
20 silly idealTree:prePrune | `-- inherits@2.0.1
20 silly idealTree:prePrune +-- vm-browserify@0.0.4
20 silly idealTree:prePrune +-- watchpack@0.2.9
20 silly idealTree:prePrune | `-- async@0.9.2
20 silly idealTree:prePrune +-- webpack-core@0.6.9
20 silly idealTree:prePrune | `-- source-map@0.4.4
20 silly idealTree:prePrune +-- webpack@1.15.0
20 silly idealTree:prePrune | `-- supports-color@3.2.3
20 silly idealTree:prePrune +-- whatwg-fetch@2.0.3
20 silly idealTree:prePrune +-- when@3.7.8
20 silly idealTree:prePrune +-- window-size@0.1.0
20 silly idealTree:prePrune +-- wordwrap@0.0.3
20 silly idealTree:prePrune +-- xtend@4.0.1
20 silly idealTree:prePrune `-- yargs@3.10.0
21 silly loadIdealTree Finishing
22 silly currentTree Spring-React-Starter
22 silly currentTree +-- acorn@3.3.0
22 silly currentTree +-- align-text@0.1.4
22 silly currentTree +-- amdefine@1.0.1
22 silly currentTree +-- ansi-regex@2.1.1
22 silly currentTree +-- ansi-styles@2.2.1
22 silly currentTree +-- anymatch@1.3.2
22 silly currentTree +-- arr-diff@2.0.0
22 silly currentTree +-- arr-flatten@1.1.0
22 silly currentTree +-- array-unique@0.2.1
22 silly currentTree +-- asap@2.0.6
22 silly currentTree +-- assert@1.4.1
22 silly currentTree +-- async-each@1.0.1
22 silly currentTree +-- async@1.5.2
22 silly currentTree +-- babel-code-frame@6.26.0
22 silly currentTree +-- babel-core@6.26.0
22 silly currentTree +-- babel-generator@6.26.0
22 silly currentTree +-- babel-helper-builder-react-jsx@6.26.0
22 silly currentTree +-- babel-helper-call-delegate@6.24.1
22 silly currentTree +-- babel-helper-define-map@6.26.0
22 silly currentTree +-- babel-helper-function-name@6.24.1
22 silly currentTree +-- babel-helper-get-function-arity@6.24.1
22 silly currentTree +-- babel-helper-hoist-variables@6.24.1
22 silly currentTree +-- babel-helper-optimise-call-expression@6.24.1
22 silly currentTree +-- babel-helper-regex@6.26.0
22 silly currentTree +-- babel-helper-replace-supers@6.24.1
22 silly currentTree +-- babel-helpers@6.24.1
22 silly currentTree +-- babel-loader@6.4.1
22 silly currentTree +-- babel-messages@6.23.0
22 silly currentTree +-- babel-plugin-check-es2015-constants@6.22.0
22 silly currentTree +-- babel-plugin-syntax-flow@6.18.0
22 silly currentTree +-- babel-plugin-syntax-jsx@6.18.0
22 silly currentTree +-- babel-plugin-transform-es2015-arrow-functions@6.22.0
22 silly currentTree +-- babel-plugin-transform-es2015-block-scoped-functions@6.22.0
22 silly currentTree +-- babel-plugin-transform-es2015-block-scoping@6.26.0
22 silly currentTree +-- babel-plugin-transform-es2015-classes@6.24.1
22 silly currentTree +-- babel-plugin-transform-es2015-computed-properties@6.24.1
22 silly currentTree +-- babel-plugin-transform-es2015-destructuring@6.23.0
22 silly currentTree +-- babel-plugin-transform-es2015-duplicate-keys@6.24.1
22 silly currentTree +-- babel-plugin-transform-es2015-for-of@6.23.0
22 silly currentTree +-- babel-plugin-transform-es2015-function-name@6.24.1
22 silly currentTree +-- babel-plugin-transform-es2015-literals@6.22.0
22 silly currentTree +-- babel-plugin-transform-es2015-modules-amd@6.24.1
22 silly currentTree +-- babel-plugin-transform-es2015-modules-commonjs@6.26.0
22 silly currentTree +-- babel-plugin-transform-es2015-modules-systemjs@6.24.1
22 silly currentTree +-- babel-plugin-transform-es2015-modules-umd@6.24.1
22 silly currentTree +-- babel-plugin-transform-es2015-object-super@6.24.1
22 silly currentTree +-- babel-plugin-transform-es2015-parameters@6.24.1
22 silly currentTree +-- babel-plugin-transform-es2015-shorthand-properties@6.24.1
22 silly currentTree +-- babel-plugin-transform-es2015-spread@6.22.0
22 silly currentTree +-- babel-plugin-transform-es2015-sticky-regex@6.24.1
22 silly currentTree +-- babel-plugin-transform-es2015-template-literals@6.22.0
22 silly currentTree +-- babel-plugin-transform-es2015-typeof-symbol@6.23.0
22 silly currentTree +-- babel-plugin-transform-es2015-unicode-regex@6.24.1
22 silly currentTree +-- babel-plugin-transform-flow-strip-types@6.22.0
22 silly currentTree +-- babel-plugin-transform-react-display-name@6.25.0
22 silly currentTree +-- babel-plugin-transform-react-jsx-self@6.22.0
22 silly currentTree +-- babel-plugin-transform-react-jsx-source@6.22.0
22 silly currentTree +-- babel-plugin-transform-react-jsx@6.24.1
22 silly currentTree +-- babel-plugin-transform-regenerator@6.26.0
22 silly currentTree +-- babel-plugin-transform-strict-mode@6.24.1
22 silly currentTree +-- babel-polyfill@6.26.0
22 silly currentTree | `-- regenerator-runtime@0.10.5
22 silly currentTree +-- babel-preset-es2015@6.24.1
22 silly currentTree +-- babel-preset-flow@6.23.0
22 silly currentTree +-- babel-preset-react@6.24.1
22 silly currentTree +-- babel-register@6.26.0
22 silly currentTree +-- babel-runtime@6.26.0
22 silly currentTree +-- babel-template@6.26.0
22 silly currentTree +-- babel-traverse@6.26.0
22 silly currentTree +-- babel-types@6.26.0
22 silly currentTree +-- babylon@6.18.0
22 silly currentTree +-- balanced-match@1.0.0
22 silly currentTree +-- base64-js@1.2.1
22 silly currentTree +-- big.js@3.1.3
22 silly currentTree +-- binary-extensions@1.10.0
22 silly currentTree +-- brace-expansion@1.1.8
22 silly currentTree +-- braces@1.8.5
22 silly currentTree +-- browserify-aes@0.4.0
22 silly currentTree +-- browserify-zlib@0.1.4
22 silly currentTree +-- buffer@4.9.1
22 silly currentTree +-- builtin-status-codes@3.0.0
22 silly currentTree +-- camelcase@1.2.1
22 silly currentTree +-- center-align@0.1.3
22 silly currentTree +-- chalk@1.1.3
22 silly currentTree +-- chokidar@1.7.0
22 silly currentTree +-- cliui@2.1.0
22 silly currentTree | `-- wordwrap@0.0.2
22 silly currentTree +-- clone@1.0.2
22 silly currentTree +-- commondir@1.0.1
22 silly currentTree +-- concat-map@0.0.1
22 silly currentTree +-- console-browserify@1.1.0
22 silly currentTree +-- constants-browserify@1.0.0
22 silly currentTree +-- convert-source-map@1.5.0
22 silly currentTree +-- core-js@2.5.0
22 silly currentTree +-- core-util-is@1.0.2
22 silly currentTree +-- create-react-class@15.6.0
22 silly currentTree +-- crypto-browserify@3.3.0
22 silly currentTree +-- d@1.0.0
22 silly currentTree +-- date-now@0.1.4
22 silly currentTree +-- debug@2.6.8
22 silly currentTree +-- decamelize@1.2.0
22 silly currentTree +-- detect-indent@4.0.0
22 silly currentTree +-- domain-browser@1.1.7
22 silly currentTree +-- emojis-list@2.1.0
22 silly currentTree +-- encoding@0.1.12
22 silly currentTree +-- enhanced-resolve@0.9.1
22 silly currentTree | `-- memory-fs@0.2.0
22 silly currentTree +-- errno@0.1.4
22 silly currentTree +-- es5-ext@0.10.29
22 silly currentTree +-- es6-iterator@2.0.1
22 silly currentTree +-- es6-symbol@3.1.1
22 silly currentTree +-- escape-string-regexp@1.0.5
22 silly currentTree +-- esutils@2.0.2
22 silly currentTree +-- events@1.1.1
22 silly currentTree +-- expand-brackets@0.1.5
22 silly currentTree +-- expand-range@1.8.2
22 silly currentTree +-- extglob@0.3.2
22 silly currentTree +-- fbjs@0.8.14
22 silly currentTree | `-- core-js@1.2.7
22 silly currentTree +-- filename-regex@2.0.1
22 silly currentTree +-- fill-range@2.2.3
22 silly currentTree +-- find-cache-dir@0.1.1
22 silly currentTree +-- find-up@1.1.2
22 silly currentTree +-- for-in@1.0.2
22 silly currentTree +-- for-own@0.1.5
22 silly currentTree +-- fsevents@1.1.2
22 silly currentTree | +-- abbrev@1.1.0
22 silly currentTree | +-- ajv@4.11.8
22 silly currentTree | +-- ansi-regex@2.1.1
22 silly currentTree | +-- aproba@1.1.1
22 silly currentTree | +-- are-we-there-yet@1.1.4
22 silly currentTree | +-- asn1@0.2.3
22 silly currentTree | +-- assert-plus@0.2.0
22 silly currentTree | +-- asynckit@0.4.0
22 silly currentTree | +-- aws-sign2@0.6.0
22 silly currentTree | +-- aws4@1.6.0
22 silly currentTree | +-- balanced-match@0.4.2
22 silly currentTree | +-- bcrypt-pbkdf@1.0.1
22 silly currentTree | +-- block-stream@0.0.9
22 silly currentTree | +-- boom@2.10.1
22 silly currentTree | +-- brace-expansion@1.1.7
22 silly currentTree | +-- buffer-shims@1.0.0
22 silly currentTree | +-- caseless@0.12.0
22 silly currentTree | +-- co@4.6.0
22 silly currentTree | +-- code-point-at@1.1.0
22 silly currentTree | +-- combined-stream@1.0.5
22 silly currentTree | +-- concat-map@0.0.1
22 silly currentTree | +-- console-control-strings@1.1.0
22 silly currentTree | +-- core-util-is@1.0.2
22 silly currentTree | +-- cryptiles@2.0.5
22 silly currentTree | +-- dashdash@1.14.1
22 silly currentTree | | `-- assert-plus@1.0.0
22 silly currentTree | +-- debug@2.6.8
22 silly currentTree | +-- deep-extend@0.4.2
22 silly currentTree | +-- delayed-stream@1.0.0
22 silly currentTree | +-- delegates@1.0.0
22 silly currentTree | +-- ecc-jsbn@0.1.1
22 silly currentTree | +-- extend@3.0.1
22 silly currentTree | +-- extsprintf@1.0.2
22 silly currentTree | +-- forever-agent@0.6.1
22 silly currentTree | +-- form-data@2.1.4
22 silly currentTree | +-- fs.realpath@1.0.0
22 silly currentTree | +-- fstream-ignore@1.0.5
22 silly currentTree | +-- fstream@1.0.11
22 silly currentTree | +-- gauge@2.7.4
22 silly currentTree | +-- getpass@0.1.7
22 silly currentTree | | `-- assert-plus@1.0.0
22 silly currentTree | +-- glob@7.1.2
22 silly currentTree | +-- graceful-fs@4.1.11
22 silly currentTree | +-- har-schema@1.0.5
22 silly currentTree | +-- har-validator@4.2.1
22 silly currentTree | +-- has-unicode@2.0.1
22 silly currentTree | +-- hawk@3.1.3
22 silly currentTree | +-- hoek@2.16.3
22 silly currentTree | +-- http-signature@1.1.1
22 silly currentTree | +-- inflight@1.0.6
22 silly currentTree | +-- inherits@2.0.3
22 silly currentTree | +-- ini@1.3.4
22 silly currentTree | +-- is-fullwidth-code-point@1.0.0
22 silly currentTree | +-- is-typedarray@1.0.0
22 silly currentTree | +-- isarray@1.0.0
22 silly currentTree | +-- isstream@0.1.2
22 silly currentTree | +-- jodid25519@1.0.2
22 silly currentTree | +-- jsbn@0.1.1
22 silly currentTree | +-- json-schema@0.2.3
22 silly currentTree | +-- json-stable-stringify@1.0.1
22 silly currentTree | +-- json-stringify-safe@5.0.1
22 silly currentTree | +-- jsonify@0.0.0
22 silly currentTree | +-- jsprim@1.4.0
22 silly currentTree | | `-- assert-plus@1.0.0
22 silly currentTree | +-- mime-db@1.27.0
22 silly currentTree | +-- mime-types@2.1.15
22 silly currentTree | +-- minimatch@3.0.4
22 silly currentTree | +-- minimist@0.0.8
22 silly currentTree | +-- mkdirp@0.5.1
22 silly currentTree | +-- ms@2.0.0
22 silly currentTree | +-- node-pre-gyp@0.6.36
22 silly currentTree | +-- nopt@4.0.1
22 silly currentTree | +-- npmlog@4.1.0
22 silly currentTree | +-- number-is-nan@1.0.1
22 silly currentTree | +-- oauth-sign@0.8.2
22 silly currentTree | +-- object-assign@4.1.1
22 silly currentTree | +-- once@1.4.0
22 silly currentTree | +-- os-homedir@1.0.2
22 silly currentTree | +-- os-tmpdir@1.0.2
22 silly currentTree | +-- osenv@0.1.4
22 silly currentTree | +-- path-is-absolute@1.0.1
22 silly currentTree | +-- performance-now@0.2.0
22 silly currentTree | +-- process-nextick-args@1.0.7
22 silly currentTree | +-- punycode@1.4.1
22 silly currentTree | +-- qs@6.4.0
22 silly currentTree | +-- rc@1.2.1
22 silly currentTree | | `-- minimist@1.2.0
22 silly currentTree | +-- readable-stream@2.2.9
22 silly currentTree | +-- request@2.81.0
22 silly currentTree | +-- rimraf@2.6.1
22 silly currentTree | +-- safe-buffer@5.0.1
22 silly currentTree | +-- semver@5.3.0
22 silly currentTree | +-- set-blocking@2.0.0
22 silly currentTree | +-- signal-exit@3.0.2
22 silly currentTree | +-- sntp@1.0.9
22 silly currentTree | +-- sshpk@1.13.0
22 silly currentTree | | `-- assert-plus@1.0.0
22 silly currentTree | +-- string_decoder@1.0.1
22 silly currentTree | +-- string-width@1.0.2
22 silly currentTree | +-- stringstream@0.0.5
22 silly currentTree | +-- strip-ansi@3.0.1
22 silly currentTree | +-- strip-json-comments@2.0.1
22 silly currentTree | +-- tar-pack@3.4.0
22 silly currentTree | +-- tar@2.2.1
22 silly currentTree | +-- tough-cookie@2.3.2
22 silly currentTree | +-- tunnel-agent@0.6.0
22 silly currentTree | +-- tweetnacl@0.14.5
22 silly currentTree | +-- uid-number@0.0.6
22 silly currentTree | +-- util-deprecate@1.0.2
22 silly currentTree | +-- uuid@3.0.1
22 silly currentTree | +-- verror@1.3.6
22 silly currentTree | +-- wide-align@1.1.2
22 silly currentTree | `-- wrappy@1.0.2
22 silly currentTree +-- glob-base@0.3.0
22 silly currentTree +-- glob-parent@2.0.0
22 silly currentTree +-- globals@9.18.0
22 silly currentTree +-- graceful-fs@4.1.11
22 silly currentTree +-- has-ansi@2.0.0
22 silly currentTree +-- has-flag@1.0.0
22 silly currentTree +-- home-or-tmp@2.0.0
22 silly currentTree +-- https-browserify@0.0.1
22 silly currentTree +-- iconv-lite@0.4.18
22 silly currentTree +-- ieee754@1.1.8
22 silly currentTree +-- indexof@0.0.1
22 silly currentTree +-- inherits@2.0.3
22 silly currentTree +-- interpret@0.6.6
22 silly currentTree +-- invariant@2.2.2
22 silly currentTree +-- is-binary-path@1.0.1
22 silly currentTree +-- is-buffer@1.1.5
22 silly currentTree +-- is-dotfile@1.0.3
22 silly currentTree +-- is-equal-shallow@0.1.3
22 silly currentTree +-- is-extendable@0.1.1
22 silly currentTree +-- is-extglob@1.0.0
22 silly currentTree +-- is-finite@1.0.2
22 silly currentTree +-- is-glob@2.0.1
22 silly currentTree +-- is-number@2.1.0
22 silly currentTree +-- is-posix-bracket@0.1.1
22 silly currentTree +-- is-primitive@2.0.0
22 silly currentTree +-- is-stream@1.1.0
22 silly currentTree +-- isarray@1.0.0
22 silly currentTree +-- isobject@2.1.0
22 silly currentTree +-- isomorphic-fetch@2.2.1
22 silly currentTree +-- js-tokens@3.0.2
22 silly currentTree +-- jsesc@1.3.0
22 silly currentTree +-- json5@0.5.1
22 silly currentTree +-- kind-of@3.2.2
22 silly currentTree +-- lazy-cache@1.0.4
22 silly currentTree +-- loader-utils@0.2.17
22 silly currentTree +-- lodash@4.17.4
22 silly currentTree +-- longest@1.0.1
22 silly currentTree +-- loose-envify@1.3.1
22 silly currentTree +-- memory-fs@0.3.0
22 silly currentTree +-- micromatch@2.3.11
22 silly currentTree +-- minimatch@3.0.4
22 silly currentTree +-- minimist@0.0.8
22 silly currentTree +-- mkdirp@0.5.1
22 silly currentTree +-- ms@2.0.0
22 silly currentTree +-- nan@2.6.2
22 silly currentTree +-- node-fetch@1.7.2
22 silly currentTree +-- node-libs-browser@0.7.0
22 silly currentTree | `-- string_decoder@0.10.31
22 silly currentTree +-- normalize-path@2.1.1
22 silly currentTree +-- number-is-nan@1.0.1
22 silly currentTree +-- object-assign@4.1.1
22 silly currentTree +-- object.omit@2.0.1
22 silly currentTree +-- optimist@0.6.1
22 silly currentTree +-- os-browserify@0.2.1
22 silly currentTree +-- os-homedir@1.0.2
22 silly currentTree +-- os-tmpdir@1.0.2
22 silly currentTree +-- pako@0.2.9
22 silly currentTree +-- parse-glob@3.0.4
22 silly currentTree +-- path-browserify@0.0.0
22 silly currentTree +-- path-exists@2.1.0
22 silly currentTree +-- path-is-absolute@1.0.1
22 silly currentTree +-- pbkdf2-compat@2.0.1
22 silly currentTree +-- pinkie-promise@2.0.1
22 silly currentTree +-- pinkie@2.0.4
22 silly currentTree +-- pkg-dir@1.0.0
22 silly currentTree +-- preserve@0.2.0
22 silly currentTree +-- private@0.1.7
22 silly currentTree +-- process-nextick-args@1.0.7
22 silly currentTree +-- process@0.11.10
22 silly currentTree +-- promise@7.3.1
22 silly currentTree +-- prop-types@15.5.10
22 silly currentTree +-- prr@0.0.0
22 silly currentTree +-- punycode@1.4.1
22 silly currentTree +-- querystring-es3@0.2.1
22 silly currentTree +-- querystring@0.2.0
22 silly currentTree +-- randomatic@1.1.7
22 silly currentTree | +-- is-number@3.0.0
22 silly currentTree | | `-- kind-of@3.2.2
22 silly currentTree | `-- kind-of@4.0.0
22 silly currentTree +-- react-dom@15.6.1
22 silly currentTree +-- react@15.6.1
22 silly currentTree +-- readable-stream@2.3.3
22 silly currentTree +-- readdirp@2.1.0
22 silly currentTree +-- regenerate@1.3.2
22 silly currentTree +-- regenerator-runtime@0.11.0
22 silly currentTree +-- regenerator-transform@0.10.1
22 silly currentTree +-- regex-cache@0.4.3
22 silly currentTree +-- regexpu-core@2.0.0
22 silly currentTree +-- regjsgen@0.2.0
22 silly currentTree +-- regjsparser@0.1.5
22 silly currentTree | `-- jsesc@0.5.0
22 silly currentTree +-- remove-trailing-separator@1.1.0
22 silly currentTree +-- repeat-element@1.1.2
22 silly currentTree +-- repeat-string@1.6.1
22 silly currentTree +-- repeating@2.0.1
22 silly currentTree +-- rest@1.3.2
22 silly currentTree +-- right-align@0.1.3
22 silly currentTree +-- ripemd160@0.2.0
22 silly currentTree +-- safe-buffer@5.1.1
22 silly currentTree +-- set-immediate-shim@1.0.1
22 silly currentTree +-- setimmediate@1.0.5
22 silly currentTree +-- sha.js@2.2.6
22 silly currentTree +-- slash@1.0.0
22 silly currentTree +-- source-list-map@0.1.8
22 silly currentTree +-- source-map-support@0.4.16
22 silly currentTree +-- source-map@0.5.7
22 silly currentTree +-- stream-browserify@2.0.1
22 silly currentTree +-- stream-http@2.7.2
22 silly currentTree +-- string_decoder@1.0.3
22 silly currentTree +-- strip-ansi@3.0.1
22 silly currentTree +-- supports-color@2.0.0
22 silly currentTree +-- tapable@0.1.10
22 silly currentTree +-- timers-browserify@2.0.4
22 silly currentTree +-- to-arraybuffer@1.0.1
22 silly currentTree +-- to-fast-properties@1.0.3
22 silly currentTree +-- trim-right@1.0.1
22 silly currentTree +-- tty-browserify@0.0.0
22 silly currentTree +-- ua-parser-js@0.7.14
22 silly currentTree +-- uglify-js@2.7.5
22 silly currentTree | `-- async@0.2.10
22 silly currentTree +-- uglify-to-browserify@1.0.2
22 silly currentTree +-- url@0.11.0
22 silly currentTree | `-- punycode@1.3.2
22 silly currentTree +-- util-deprecate@1.0.2
22 silly currentTree +-- util@0.10.3
22 silly currentTree | `-- inherits@2.0.1
22 silly currentTree +-- vm-browserify@0.0.4
22 silly currentTree +-- watchpack@0.2.9
22 silly currentTree | `-- async@0.9.2
22 silly currentTree +-- webpack-core@0.6.9
22 silly currentTree | `-- source-map@0.4.4
22 silly currentTree +-- webpack@1.15.0
22 silly currentTree | `-- supports-color@3.2.3
22 silly currentTree +-- whatwg-fetch@2.0.3
22 silly currentTree +-- when@3.7.8
22 silly currentTree +-- window-size@0.1.0
22 silly currentTree +-- wordwrap@0.0.3
22 silly currentTree +-- xtend@4.0.1
22 silly currentTree `-- yargs@3.10.0
23 silly idealTree Spring-React-Starter
23 silly idealTree +-- acorn@3.3.0
23 silly idealTree +-- align-text@0.1.4
23 silly idealTree +-- amdefine@1.0.1
23 silly idealTree +-- ansi-regex@2.1.1
23 silly idealTree +-- ansi-styles@2.2.1
23 silly idealTree +-- anymatch@1.3.2
23 silly idealTree +-- arr-diff@2.0.0
23 silly idealTree +-- arr-flatten@1.1.0
23 silly idealTree +-- array-unique@0.2.1
23 silly idealTree +-- asap@2.0.6
23 silly idealTree +-- assert@1.4.1
23 silly idealTree +-- async-each@1.0.1
23 silly idealTree +-- async@1.5.2
23 silly idealTree +-- babel-code-frame@6.26.0
23 silly idealTree +-- babel-core@6.26.0
23 silly idealTree +-- babel-generator@6.26.0
23 silly idealTree +-- babel-helper-builder-react-jsx@6.26.0
23 silly idealTree +-- babel-helper-call-delegate@6.24.1
23 silly idealTree +-- babel-helper-define-map@6.26.0
23 silly idealTree +-- babel-helper-function-name@6.24.1
23 silly idealTree +-- babel-helper-get-function-arity@6.24.1
23 silly idealTree +-- babel-helper-hoist-variables@6.24.1
23 silly idealTree +-- babel-helper-optimise-call-expression@6.24.1
23 silly idealTree +-- babel-helper-regex@6.26.0
23 silly idealTree +-- babel-helper-replace-supers@6.24.1
23 silly idealTree +-- babel-helpers@6.24.1
23 silly idealTree +-- babel-loader@6.4.1
23 silly idealTree +-- babel-messages@6.23.0
23 silly idealTree +-- babel-plugin-check-es2015-constants@6.22.0
23 silly idealTree +-- babel-plugin-syntax-flow@6.18.0
23 silly idealTree +-- babel-plugin-syntax-jsx@6.18.0
23 silly idealTree +-- babel-plugin-transform-es2015-arrow-functions@6.22.0
23 silly idealTree +-- babel-plugin-transform-es2015-block-scoped-functions@6.22.0
23 silly idealTree +-- babel-plugin-transform-es2015-block-scoping@6.26.0
23 silly idealTree +-- babel-plugin-transform-es2015-classes@6.24.1
23 silly idealTree +-- babel-plugin-transform-es2015-computed-properties@6.24.1
23 silly idealTree +-- babel-plugin-transform-es2015-destructuring@6.23.0
23 silly idealTree +-- babel-plugin-transform-es2015-duplicate-keys@6.24.1
23 silly idealTree +-- babel-plugin-transform-es2015-for-of@6.23.0
23 silly idealTree +-- babel-plugin-transform-es2015-function-name@6.24.1
23 silly idealTree +-- babel-plugin-transform-es2015-literals@6.22.0
23 silly idealTree +-- babel-plugin-transform-es2015-modules-amd@6.24.1
23 silly idealTree +-- babel-plugin-transform-es2015-modules-commonjs@6.26.0
23 silly idealTree +-- babel-plugin-transform-es2015-modules-systemjs@6.24.1
23 silly idealTree +-- babel-plugin-transform-es2015-modules-umd@6.24.1
23 silly idealTree +-- babel-plugin-transform-es2015-object-super@6.24.1
23 silly idealTree +-- babel-plugin-transform-es2015-parameters@6.24.1
23 silly idealTree +-- babel-plugin-transform-es2015-shorthand-properties@6.24.1
23 silly idealTree +-- babel-plugin-transform-es2015-spread@6.22.0
23 silly idealTree +-- babel-plugin-transform-es2015-sticky-regex@6.24.1
23 silly idealTree +-- babel-plugin-transform-es2015-template-literals@6.22.0
23 silly idealTree +-- babel-plugin-transform-es2015-typeof-symbol@6.23.0
23 silly idealTree +-- babel-plugin-transform-es2015-unicode-regex@6.24.1
23 silly idealTree +-- babel-plugin-transform-flow-strip-types@6.22.0
23 silly idealTree +-- babel-plugin-transform-react-display-name@6.25.0
23 silly idealTree +-- babel-plugin-transform-react-jsx-self@6.22.0
23 silly idealTree +-- babel-plugin-transform-react-jsx-source@6.22.0
23 silly idealTree +-- babel-plugin-transform-react-jsx@6.24.1
23 silly idealTree +-- babel-plugin-transform-regenerator@6.26.0
23 silly idealTree +-- babel-plugin-transform-strict-mode@6.24.1
23 silly idealTree +-- babel-polyfill@6.26.0
23 silly idealTree | `-- regenerator-runtime@0.10.5
23 silly idealTree +-- babel-preset-es2015@6.24.1
23 silly idealTree +-- babel-preset-flow@6.23.0
23 silly idealTree +-- babel-preset-react@6.24.1
23 silly idealTree +-- babel-register@6.26.0
23 silly idealTree +-- babel-runtime@6.26.0
23 silly idealTree +-- babel-template@6.26.0
23 silly idealTree +-- babel-traverse@6.26.0
23 silly idealTree +-- babel-types@6.26.0
23 silly idealTree +-- babylon@6.18.0
23 silly idealTree +-- balanced-match@1.0.0
23 silly idealTree +-- base64-js@1.2.1
23 silly idealTree +-- big.js@3.1.3
23 silly idealTree +-- binary-extensions@1.10.0
23 silly idealTree +-- brace-expansion@1.1.8
23 silly idealTree +-- braces@1.8.5
23 silly idealTree +-- browserify-aes@0.4.0
23 silly idealTree +-- browserify-zlib@0.1.4
23 silly idealTree +-- buffer@4.9.1
23 silly idealTree +-- builtin-status-codes@3.0.0
23 silly idealTree +-- camelcase@1.2.1
23 silly idealTree +-- center-align@0.1.3
23 silly idealTree +-- chalk@1.1.3
23 silly idealTree +-- chokidar@1.7.0
23 silly idealTree +-- cliui@2.1.0
23 silly idealTree | `-- wordwrap@0.0.2
23 silly idealTree +-- clone@1.0.2
23 silly idealTree +-- commondir@1.0.1
23 silly idealTree +-- concat-map@0.0.1
23 silly idealTree +-- console-browserify@1.1.0
23 silly idealTree +-- constants-browserify@1.0.0
23 silly idealTree +-- convert-source-map@1.5.0
23 silly idealTree +-- core-js@2.5.0
23 silly idealTree +-- core-util-is@1.0.2
23 silly idealTree +-- create-react-class@15.6.0
23 silly idealTree +-- crypto-browserify@3.3.0
23 silly idealTree +-- d@1.0.0
23 silly idealTree +-- date-now@0.1.4
23 silly idealTree +-- debug@2.6.8
23 silly idealTree +-- decamelize@1.2.0
23 silly idealTree +-- detect-indent@4.0.0
23 silly idealTree +-- domain-browser@1.1.7
23 silly idealTree +-- emojis-list@2.1.0
23 silly idealTree +-- encoding@0.1.12
23 silly idealTree +-- enhanced-resolve@0.9.1
23 silly idealTree | `-- memory-fs@0.2.0
23 silly idealTree +-- errno@0.1.4
23 silly idealTree +-- es5-ext@0.10.29
23 silly idealTree +-- es6-iterator@2.0.1
23 silly idealTree +-- es6-symbol@3.1.1
23 silly idealTree +-- escape-string-regexp@1.0.5
23 silly idealTree +-- esutils@2.0.2
23 silly idealTree +-- events@1.1.1
23 silly idealTree +-- expand-brackets@0.1.5
23 silly idealTree +-- expand-range@1.8.2
23 silly idealTree +-- extglob@0.3.2
23 silly idealTree +-- fbjs@0.8.14
23 silly idealTree | `-- core-js@1.2.7
23 silly idealTree +-- filename-regex@2.0.1
23 silly idealTree +-- fill-range@2.2.3
23 silly idealTree +-- find-cache-dir@0.1.1
23 silly idealTree +-- find-up@1.1.2
23 silly idealTree +-- for-in@1.0.2
23 silly idealTree +-- for-own@0.1.5
23 silly idealTree +-- fsevents@1.1.2
23 silly idealTree | +-- abbrev@1.1.0
23 silly idealTree | +-- ajv@4.11.8
23 silly idealTree | +-- ansi-regex@2.1.1
23 silly idealTree | +-- aproba@1.1.1
23 silly idealTree | +-- are-we-there-yet@1.1.4
23 silly idealTree | +-- asn1@0.2.3
23 silly idealTree | +-- assert-plus@0.2.0
23 silly idealTree | +-- asynckit@0.4.0
23 silly idealTree | +-- aws-sign2@0.6.0
23 silly idealTree | +-- aws4@1.6.0
23 silly idealTree | +-- balanced-match@0.4.2
23 silly idealTree | +-- bcrypt-pbkdf@1.0.1
23 silly idealTree | +-- block-stream@0.0.9
23 silly idealTree | +-- boom@2.10.1
23 silly idealTree | +-- brace-expansion@1.1.7
23 silly idealTree | +-- buffer-shims@1.0.0
23 silly idealTree | +-- caseless@0.12.0
23 silly idealTree | +-- co@4.6.0
23 silly idealTree | +-- code-point-at@1.1.0
23 silly idealTree | +-- combined-stream@1.0.5
23 silly idealTree | +-- concat-map@0.0.1
23 silly idealTree | +-- console-control-strings@1.1.0
23 silly idealTree | +-- core-util-is@1.0.2
23 silly idealTree | +-- cryptiles@2.0.5
23 silly idealTree | +-- dashdash@1.14.1
23 silly idealTree | | `-- assert-plus@1.0.0
23 silly idealTree | +-- debug@2.6.8
23 silly idealTree | +-- deep-extend@0.4.2
23 silly idealTree | +-- delayed-stream@1.0.0
23 silly idealTree | +-- delegates@1.0.0
23 silly idealTree | +-- ecc-jsbn@0.1.1
23 silly idealTree | +-- extend@3.0.1
23 silly idealTree | +-- extsprintf@1.0.2
23 silly idealTree | +-- forever-agent@0.6.1
23 silly idealTree | +-- form-data@2.1.4
23 silly idealTree | +-- fs.realpath@1.0.0
23 silly idealTree | +-- fstream-ignore@1.0.5
23 silly idealTree | +-- fstream@1.0.11
23 silly idealTree | +-- gauge@2.7.4
23 silly idealTree | +-- getpass@0.1.7
23 silly idealTree | | `-- assert-plus@1.0.0
23 silly idealTree | +-- glob@7.1.2
23 silly idealTree | +-- graceful-fs@4.1.11
23 silly idealTree | +-- har-schema@1.0.5
23 silly idealTree | +-- har-validator@4.2.1
23 silly idealTree | +-- has-unicode@2.0.1
23 silly idealTree | +-- hawk@3.1.3
23 silly idealTree | +-- hoek@2.16.3
23 silly idealTree | +-- http-signature@1.1.1
23 silly idealTree | +-- inflight@1.0.6
23 silly idealTree | +-- inherits@2.0.3
23 silly idealTree | +-- ini@1.3.4
23 silly idealTree | +-- is-fullwidth-code-point@1.0.0
23 silly idealTree | +-- is-typedarray@1.0.0
23 silly idealTree | +-- isarray@1.0.0
23 silly idealTree | +-- isstream@0.1.2
23 silly idealTree | +-- jodid25519@1.0.2
23 silly idealTree | +-- jsbn@0.1.1
23 silly idealTree | +-- json-schema@0.2.3
23 silly idealTree | +-- json-stable-stringify@1.0.1
23 silly idealTree | +-- json-stringify-safe@5.0.1
23 silly idealTree | +-- jsonify@0.0.0
23 silly idealTree | +-- jsprim@1.4.0
23 silly idealTree | | `-- assert-plus@1.0.0
23 silly idealTree | +-- mime-db@1.27.0
23 silly idealTree | +-- mime-types@2.1.15
23 silly idealTree | +-- minimatch@3.0.4
23 silly idealTree | +-- minimist@0.0.8
23 silly idealTree | +-- mkdirp@0.5.1
23 silly idealTree | +-- ms@2.0.0
23 silly idealTree | +-- node-pre-gyp@0.6.36
23 silly idealTree | +-- nopt@4.0.1
23 silly idealTree | +-- npmlog@4.1.0
23 silly idealTree | +-- number-is-nan@1.0.1
23 silly idealTree | +-- oauth-sign@0.8.2
23 silly idealTree | +-- object-assign@4.1.1
23 silly idealTree | +-- once@1.4.0
23 silly idealTree | +-- os-homedir@1.0.2
23 silly idealTree | +-- os-tmpdir@1.0.2
23 silly idealTree | +-- osenv@0.1.4
23 silly idealTree | +-- path-is-absolute@1.0.1
23 silly idealTree | +-- performance-now@0.2.0
23 silly idealTree | +-- process-nextick-args@1.0.7
23 silly idealTree | +-- punycode@1.4.1
23 silly idealTree | +-- qs@6.4.0
23 silly idealTree | +-- rc@1.2.1
23 silly idealTree | | `-- minimist@1.2.0
23 silly idealTree | +-- readable-stream@2.2.9
23 silly idealTree | +-- request@2.81.0
23 silly idealTree | +-- rimraf@2.6.1
23 silly idealTree | +-- safe-buffer@5.0.1
23 silly idealTree | +-- semver@5.3.0
23 silly idealTree | +-- set-blocking@2.0.0
23 silly idealTree | +-- signal-exit@3.0.2
23 silly idealTree | +-- sntp@1.0.9
23 silly idealTree | +-- sshpk@1.13.0
23 silly idealTree | | `-- assert-plus@1.0.0
23 silly idealTree | +-- string_decoder@1.0.1
23 silly idealTree | +-- string-width@1.0.2
23 silly idealTree | +-- stringstream@0.0.5
23 silly idealTree | +-- strip-ansi@3.0.1
23 silly idealTree | +-- strip-json-comments@2.0.1
23 silly idealTree | +-- tar-pack@3.4.0
23 silly idealTree | +-- tar@2.2.1
23 silly idealTree | +-- tough-cookie@2.3.2
23 silly idealTree | +-- tunnel-agent@0.6.0
23 silly idealTree | +-- tweetnacl@0.14.5
23 silly idealTree | +-- uid-number@0.0.6
23 silly idealTree | +-- util-deprecate@1.0.2
23 silly idealTree | +-- uuid@3.0.1
23 silly idealTree | +-- verror@1.3.6
23 silly idealTree | +-- wide-align@1.1.2
23 silly idealTree | `-- wrappy@1.0.2
23 silly idealTree +-- glob-base@0.3.0
23 silly idealTree +-- glob-parent@2.0.0
23 silly idealTree +-- globals@9.18.0
23 silly idealTree +-- graceful-fs@4.1.11
23 silly idealTree +-- has-ansi@2.0.0
23 silly idealTree +-- has-flag@1.0.0
23 silly idealTree +-- home-or-tmp@2.0.0
23 silly idealTree +-- https-browserify@0.0.1
23 silly idealTree +-- iconv-lite@0.4.18
23 silly idealTree +-- ieee754@1.1.8
23 silly idealTree +-- indexof@0.0.1
23 silly idealTree +-- inherits@2.0.3
23 silly idealTree +-- interpret@0.6.6
23 silly idealTree +-- invariant@2.2.2
23 silly idealTree +-- is-binary-path@1.0.1
23 silly idealTree +-- is-buffer@1.1.5
23 silly idealTree +-- is-dotfile@1.0.3
23 silly idealTree +-- is-equal-shallow@0.1.3
23 silly idealTree +-- is-extendable@0.1.1
23 silly idealTree +-- is-extglob@1.0.0
23 silly idealTree +-- is-finite@1.0.2
23 silly idealTree +-- is-glob@2.0.1
23 silly idealTree +-- is-number@2.1.0
23 silly idealTree +-- is-posix-bracket@0.1.1
23 silly idealTree +-- is-primitive@2.0.0
23 silly idealTree +-- is-stream@1.1.0
23 silly idealTree +-- isarray@1.0.0
23 silly idealTree +-- isobject@2.1.0
23 silly idealTree +-- isomorphic-fetch@2.2.1
23 silly idealTree +-- js-tokens@3.0.2
23 silly idealTree +-- jsesc@1.3.0
23 silly idealTree +-- json5@0.5.1
23 silly idealTree +-- kind-of@3.2.2
23 silly idealTree +-- lazy-cache@1.0.4
23 silly idealTree +-- loader-utils@0.2.17
23 silly idealTree +-- lodash@4.17.4
23 silly idealTree +-- longest@1.0.1
23 silly idealTree +-- loose-envify@1.3.1
23 silly idealTree +-- memory-fs@0.3.0
23 silly idealTree +-- micromatch@2.3.11
23 silly idealTree +-- minimatch@3.0.4
23 silly idealTree +-- minimist@0.0.8
23 silly idealTree +-- mkdirp@0.5.1
23 silly idealTree +-- ms@2.0.0
23 silly idealTree +-- nan@2.6.2
23 silly idealTree +-- node-fetch@1.7.2
23 silly idealTree +-- node-libs-browser@0.7.0
23 silly idealTree | `-- string_decoder@0.10.31
23 silly idealTree +-- normalize-path@2.1.1
23 silly idealTree +-- number-is-nan@1.0.1
23 silly idealTree +-- object-assign@4.1.1
23 silly idealTree +-- object.omit@2.0.1
23 silly idealTree +-- optimist@0.6.1
23 silly idealTree +-- os-browserify@0.2.1
23 silly idealTree +-- os-homedir@1.0.2
23 silly idealTree +-- os-tmpdir@1.0.2
23 silly idealTree +-- pako@0.2.9
23 silly idealTree +-- parse-glob@3.0.4
23 silly idealTree +-- path-browserify@0.0.0
23 silly idealTree +-- path-exists@2.1.0
23 silly idealTree +-- path-is-absolute@1.0.1
23 silly idealTree +-- pbkdf2-compat@2.0.1
23 silly idealTree +-- pinkie-promise@2.0.1
23 silly idealTree +-- pinkie@2.0.4
23 silly idealTree +-- pkg-dir@1.0.0
23 silly idealTree +-- preserve@0.2.0
23 silly idealTree +-- private@0.1.7
23 silly idealTree +-- process-nextick-args@1.0.7
23 silly idealTree +-- process@0.11.10
23 silly idealTree +-- promise@7.3.1
23 silly idealTree +-- prop-types@15.5.10
23 silly idealTree +-- prr@0.0.0
23 silly idealTree +-- punycode@1.4.1
23 silly idealTree +-- querystring-es3@0.2.1
23 silly idealTree +-- querystring@0.2.0
23 silly idealTree +-- randomatic@1.1.7
23 silly idealTree | +-- is-number@3.0.0
23 silly idealTree | | `-- kind-of@3.2.2
23 silly idealTree | `-- kind-of@4.0.0
23 silly idealTree +-- react-dom@15.6.1
23 silly idealTree +-- react@15.6.1
23 silly idealTree +-- readable-stream@2.3.3
23 silly idealTree +-- readdirp@2.1.0
23 silly idealTree +-- regenerate@1.3.2
23 silly idealTree +-- regenerator-runtime@0.11.0
23 silly idealTree +-- regenerator-transform@0.10.1
23 silly idealTree +-- regex-cache@0.4.3
23 silly idealTree +-- regexpu-core@2.0.0
23 silly idealTree +-- regjsgen@0.2.0
23 silly idealTree +-- regjsparser@0.1.5
23 silly idealTree | `-- jsesc@0.5.0
23 silly idealTree +-- remove-trailing-separator@1.1.0
23 silly idealTree +-- repeat-element@1.1.2
23 silly idealTree +-- repeat-string@1.6.1
23 silly idealTree +-- repeating@2.0.1
23 silly idealTree +-- rest@1.3.2
23 silly idealTree +-- right-align@0.1.3
23 silly idealTree +-- ripemd160@0.2.0
23 silly idealTree +-- safe-buffer@5.1.1
23 silly idealTree +-- set-immediate-shim@1.0.1
23 silly idealTree +-- setimmediate@1.0.5
23 silly idealTree +-- sha.js@2.2.6
23 silly idealTree +-- slash@1.0.0
23 silly idealTree +-- source-list-map@0.1.8
23 silly idealTree +-- source-map-support@0.4.16
23 silly idealTree +-- source-map@0.5.7
23 silly idealTree +-- stream-browserify@2.0.1
23 silly idealTree +-- stream-http@2.7.2
23 silly idealTree +-- string_decoder@1.0.3
23 silly idealTree +-- strip-ansi@3.0.1
23 silly idealTree +-- supports-color@2.0.0
23 silly idealTree +-- tapable@0.1.10
23 silly idealTree +-- timers-browserify@2.0.4
23 silly idealTree +-- to-arraybuffer@1.0.1
23 silly idealTree +-- to-fast-properties@1.0.3
23 silly idealTree +-- trim-right@1.0.1
23 silly idealTree +-- tty-browserify@0.0.0
23 silly idealTree +-- ua-parser-js@0.7.14
23 silly idealTree +-- uglify-js@2.7.5
23 silly idealTree | `-- async@0.2.10
23 silly idealTree +-- uglify-to-browserify@1.0.2
23 silly idealTree +-- url@0.11.0
23 silly idealTree | `-- punycode@1.3.2
23 silly idealTree +-- util-deprecate@1.0.2
23 silly idealTree +-- util@0.10.3
23 silly idealTree | `-- inherits@2.0.1
23 silly idealTree +-- vm-browserify@0.0.4
23 silly idealTree +-- watchpack@0.2.9
23 silly idealTree | `-- async@0.9.2
23 silly idealTree +-- webpack-core@0.6.9
23 silly idealTree | `-- source-map@0.4.4
23 silly idealTree +-- webpack@1.15.0
23 silly idealTree | `-- supports-color@3.2.3
23 silly idealTree +-- whatwg-fetch@2.0.3
23 silly idealTree +-- when@3.7.8
23 silly idealTree +-- window-size@0.1.0
23 silly idealTree +-- wordwrap@0.0.3
23 silly idealTree +-- xtend@4.0.1
23 silly idealTree `-- yargs@3.10.0
24 silly generateActionsToTake Starting
25 silly install generateActionsToTake
26 warn checkPermissions Missing write access to /Users/vkommaraju/git/STS/Spring-React-Starter/node_modules
27 silly rollbackFailedOptional Starting
28 silly rollbackFailedOptional Finishing
29 silly runTopLevelLifecycles Starting
30 silly runTopLevelLifecycles Finishing
31 silly install printInstalled
32 warn Invalid version: "1.-.0"
33 warn Spring-React-Starter No description
34 warn Spring-React-Starter No repository field.
35 warn Spring-React-Starter No README data
36 warn Spring-React-Starter No license field.
37 verbose stack Error: EACCES: permission denied, access '/Users/vkommaraju/git/STS/Spring-React-Starter/node_modules'
37 verbose stack     at Error (native)
38 verbose cwd /Users/vkommaraju/git/STS/Spring-React-Starter
39 error Darwin 15.6.0
40 error argv "/Users/vkommaraju/git/STS/Spring-React-Starter/target/node/node" "/Users/vkommaraju/git/STS/Spring-React-Starter/target/node/node_modules/npm/bin/npm-cli.js" "install"
41 error node v4.4.5
42 error npm  v3.9.2
43 error path /Users/vkommaraju/git/STS/Spring-React-Starter/node_modules
44 error code EACCES
45 error errno -13
46 error syscall access
47 error Error: EACCES: permission denied, access '/Users/vkommaraju/git/STS/Spring-React-Starter/node_modules'
47 error     at Error (native)
47 error  { [Error: EACCES: permission denied, access '/Users/vkommaraju/git/STS/Spring-React-Starter/node_modules']
47 error   errno: -13,
47 error   code: 'EACCES',
47 error   syscall: 'access',
47 error   path: '/Users/vkommaraju/git/STS/Spring-React-Starter/node_modules' }
48 error Please try running this command again as root/Administrator.
49 verbose exit [ -13, true ]
